-------------------------------------------------------------------------------
Test set: com.portfolio.api.ApiApplicationTests
-------------------------------------------------------------------------------
Tests run: 1, Failures: 0, Errors: 1, Skipped: 0, Time elapsed: 6.035 s <<< FAILURE! - in com.portfolio.api.ApiApplicationTests
contextLoads  Time elapsed: 0.026 s  <<< ERROR!
java.lang.IllegalStateException: Failed to load ApplicationContext
Caused by: org.springframework.beans.factory.UnsatisfiedDependencyException: Error creating bean with name 'filterChain' defined in class path resource [com/portfolio/api/security/WebSecurityConfig.class]: Unsatisfied dependency expressed through method 'filterChain' parameter 1; nested exception is org.springframework.beans.factory.BeanCreationException: Error creating bean with name 'authManager' defined in class path resource [com/portfolio/api/security/WebSecurityConfig.class]: Bean instantiation via factory method failed; nested exception is org.springframework.beans.BeanInstantiationException: Failed to instantiate [org.springframework.security.authentication.AuthenticationManager]: Factory method 'authManager' threw exception; nested exception is java.lang.RuntimeException: Could not postProcess org.springframework.security.authentication.dao.DaoAuthenticationProvider@3892802b of type class org.springframework.security.authentication.dao.DaoAuthenticationProvider
Caused by: org.springframework.beans.factory.BeanCreationException: Error creating bean with name 'authManager' defined in class path resource [com/portfolio/api/security/WebSecurityConfig.class]: Bean instantiation via factory method failed; nested exception is org.springframework.beans.BeanInstantiationException: Failed to instantiate [org.springframework.security.authentication.AuthenticationManager]: Factory method 'authManager' threw exception; nested exception is java.lang.RuntimeException: Could not postProcess org.springframework.security.authentication.dao.DaoAuthenticationProvider@3892802b of type class org.springframework.security.authentication.dao.DaoAuthenticationProvider
Caused by: org.springframework.beans.BeanInstantiationException: Failed to instantiate [org.springframework.security.authentication.AuthenticationManager]: Factory method 'authManager' threw exception; nested exception is java.lang.RuntimeException: Could not postProcess org.springframework.security.authentication.dao.DaoAuthenticationProvider@3892802b of type class org.springframework.security.authentication.dao.DaoAuthenticationProvider
Caused by: java.lang.RuntimeException: Could not postProcess org.springframework.security.authentication.dao.DaoAuthenticationProvider@3892802b of type class org.springframework.security.authentication.dao.DaoAuthenticationProvider
Caused by: org.springframework.beans.factory.BeanCreationException: Error creating bean with name 'org.springframework.security.authentication.dao.DaoAuthenticationProvider@3892802b': Invocation of init method failed; nested exception is java.lang.IllegalArgumentException: A UserDetailsService must be set
Caused by: java.lang.IllegalArgumentException: A UserDetailsService must be set

